2024-01-19T12:27:02.872+05:30  INFO 54000 --- [reproduct-api] [main] com.at.MainApiApplication                : Starting MainApiApplication using Java 18.0.2 with PID 54000 (/Users/akhilesh.trivedi/gitRND/spring-boot-vue3/backend/target/classes started by akhilesh.trivedi in /Users/akhilesh.trivedi/gitRND/spring-boot-vue3)
2024-01-19T12:27:02.876+05:30  INFO 54000 --- [reproduct-api] [main] com.at.MainApiApplication                : No active profile set, falling back to 1 default profile: "default"
2024-01-19T12:27:03.289+05:30  INFO 54000 --- [reproduct-api] [main] .s.d.r.c.RepositoryConfigurationDelegate : Bootstrapping Spring Data JPA repositories in DEFAULT mode.
2024-01-19T12:27:03.320+05:30  INFO 54000 --- [reproduct-api] [main] .s.d.r.c.RepositoryConfigurationDelegate : Finished Spring Data repository scanning in 27 ms. Found 1 JPA repository interface.
2024-01-19T12:27:03.613+05:30  INFO 54000 --- [reproduct-api] [main] o.s.b.w.embedded.tomcat.TomcatWebServer  : Tomcat initialized with port 8088 (http)
2024-01-19T12:27:03.620+05:30  INFO 54000 --- [reproduct-api] [main] o.apache.catalina.core.StandardService   : Starting service [Tomcat]
2024-01-19T12:27:03.620+05:30  INFO 54000 --- [reproduct-api] [main] o.apache.catalina.core.StandardEngine    : Starting Servlet engine: [Apache Tomcat/10.1.17]
2024-01-19T12:27:03.649+05:30  INFO 54000 --- [reproduct-api] [main] o.a.c.c.C.[Tomcat].[localhost].[/]       : Initializing Spring embedded WebApplicationContext
2024-01-19T12:27:03.649+05:30  INFO 54000 --- [reproduct-api] [main] w.s.c.ServletWebServerApplicationContext : Root WebApplicationContext: initialization completed in 740 ms
2024-01-19T12:27:03.694+05:30  INFO 54000 --- [reproduct-api] [main] com.zaxxer.hikari.HikariDataSource       : HikariPool-1 - Starting...
2024-01-19T12:27:03.840+05:30  INFO 54000 --- [reproduct-api] [main] com.zaxxer.hikari.pool.HikariPool        : HikariPool-1 - Added connection com.mysql.cj.jdbc.ConnectionImpl@4b7ed03e
2024-01-19T12:27:03.841+05:30  INFO 54000 --- [reproduct-api] [main] com.zaxxer.hikari.HikariDataSource       : HikariPool-1 - Start completed.
2024-01-19T12:27:03.884+05:30  INFO 54000 --- [reproduct-api] [main] o.f.c.internal.license.VersionPrinter    : Flyway Community Edition 9.22.3 by Redgate
2024-01-19T12:27:03.884+05:30  INFO 54000 --- [reproduct-api] [main] o.f.c.internal.license.VersionPrinter    : See release notes here: https://rd.gt/416ObMi
2024-01-19T12:27:03.884+05:30  INFO 54000 --- [reproduct-api] [main] o.f.c.internal.license.VersionPrinter    : 
2024-01-19T12:27:03.897+05:30  INFO 54000 --- [reproduct-api] [main] org.flywaydb.core.FlywayExecutor         : Database: jdbc:mysql://localhost:3306/mdti (MySQL 8.0)
2024-01-19T12:27:03.917+05:30  INFO 54000 --- [reproduct-api] [main] o.f.c.i.s.JdbcTableSchemaHistory         : Schema history table `mdti`.`flyway_schema_history` does not exist yet
2024-01-19T12:27:03.918+05:30  INFO 54000 --- [reproduct-api] [main] o.f.core.internal.command.DbValidate     : Successfully validated 0 migrations (execution time 00:00.008s)
2024-01-19T12:27:03.918+05:30  WARN 54000 --- [reproduct-api] [main] o.f.core.internal.command.DbValidate     : No migrations found. Are your locations set up correctly?
2024-01-19T12:27:03.947+05:30  INFO 54000 --- [reproduct-api] [main] o.f.c.i.s.JdbcTableSchemaHistory         : Creating Schema History table `mdti`.`flyway_schema_history` ...
2024-01-19T12:27:04.178+05:30  INFO 54000 --- [reproduct-api] [main] o.f.core.internal.command.DbMigrate      : Current version of schema `mdti`: << Empty Schema >>
2024-01-19T12:27:04.178+05:30  WARN 54000 --- [reproduct-api] [main] o.f.core.internal.command.DbMigrate      : outOfOrder mode is active. Migration of schema `mdti` may not be reproducible.
2024-01-19T12:27:04.181+05:30  INFO 54000 --- [reproduct-api] [main] o.f.core.internal.command.DbMigrate      : Schema `mdti` is up to date. No migration necessary.
2024-01-19T12:27:04.228+05:30  INFO 54000 --- [reproduct-api] [main] o.hibernate.jpa.internal.util.LogHelper  : HHH000204: Processing PersistenceUnitInfo [name: default]
2024-01-19T12:27:04.258+05:30  INFO 54000 --- [reproduct-api] [main] org.hibernate.Version                    : HHH000412: Hibernate ORM core version 6.4.1.Final
2024-01-19T12:27:04.278+05:30  INFO 54000 --- [reproduct-api] [main] o.h.c.internal.RegionFactoryInitiator    : HHH000026: Second-level cache disabled
2024-01-19T12:27:04.375+05:30  INFO 54000 --- [reproduct-api] [main] o.s.o.j.p.SpringPersistenceUnitInfo      : No LoadTimeWeaver setup: ignoring JPA class transformer
2024-01-19T12:27:04.406+05:30  WARN 54000 --- [reproduct-api] [main] org.hibernate.orm.deprecation            : HHH90000025: MySQLDialect does not need to be specified explicitly using 'hibernate.dialect' (remove the property setting and it will be selected by default)
2024-01-19T12:27:04.792+05:30  INFO 54000 --- [reproduct-api] [main] o.h.e.t.j.p.i.JtaPlatformInitiator       : HHH000489: No JTA platform available (set 'hibernate.transaction.jta.platform' to enable JTA platform integration)
2024-01-19T12:27:04.841+05:30  INFO 54000 --- [reproduct-api] [main] j.LocalContainerEntityManagerFactoryBean : Initialized JPA EntityManagerFactory for persistence unit 'default'
2024-01-19T12:27:05.047+05:30  WARN 54000 --- [reproduct-api] [main] JpaBaseConfiguration$JpaWebConfiguration : spring.jpa.open-in-view is enabled by default. Therefore, database queries may be performed during view rendering. Explicitly configure spring.jpa.open-in-view to disable this warning
2024-01-19T12:27:05.205+05:30  INFO 54000 --- [reproduct-api] [main] o.s.s.web.DefaultSecurityFilterChain     : Will secure any request with [org.springframework.security.web.session.DisableEncodeUrlFilter@6e2e11ee, org.springframework.security.web.context.request.async.WebAsyncManagerIntegrationFilter@189f9f9f, org.springframework.security.web.context.SecurityContextHolderFilter@251db193, org.springframework.security.web.header.HeaderWriterFilter@735dc133, org.springframework.web.filter.CorsFilter@5b908c6d, org.springframework.security.web.authentication.logout.LogoutFilter@6a0a0f12, com.at.filter.JwtAuthenticationFilter@542aec6, org.springframework.security.web.savedrequest.RequestCacheAwareFilter@4d20cbb5, org.springframework.security.web.servletapi.SecurityContextHolderAwareRequestFilter@74eae1e0, org.springframework.security.web.authentication.AnonymousAuthenticationFilter@c2ddfeb, org.springframework.security.web.session.SessionManagementFilter@480fb706, org.springframework.security.web.access.ExceptionTranslationFilter@58a5b69c, org.springframework.security.web.access.intercept.AuthorizationFilter@54644470]
2024-01-19T12:27:05.328+05:30  INFO 54000 --- [reproduct-api] [main] o.s.b.w.embedded.tomcat.TomcatWebServer  : Tomcat started on port 8088 (http) with context path ''
2024-01-19T12:27:05.334+05:30  INFO 54000 --- [reproduct-api] [main] com.at.MainApiApplication                : Started MainApiApplication in 2.661 seconds (process running for 2.848)
2024-01-19T12:28:24.828+05:30  INFO 54000 --- [reproduct-api] [http-nio-8088-exec-1] o.a.c.c.C.[Tomcat].[localhost].[/]       : Initializing Spring DispatcherServlet 'dispatcherServlet'
2024-01-19T12:28:24.829+05:30  INFO 54000 --- [reproduct-api] [http-nio-8088-exec-1] o.s.web.servlet.DispatcherServlet        : Initializing Servlet 'dispatcherServlet'
2024-01-19T12:28:24.831+05:30  INFO 54000 --- [reproduct-api] [http-nio-8088-exec-1] o.s.web.servlet.DispatcherServlet        : Completed initialization in 2 ms
2024-01-19T12:28:25.210+05:30  INFO 54000 --- [reproduct-api] [http-nio-8088-exec-9] o.springdoc.api.AbstractOpenApiResource  : Init duration for springdoc-openapi is: 132 ms
2024-01-19T12:28:47.137+05:30  INFO 54000 --- [reproduct-api] [SpringApplicationShutdownHook] j.LocalContainerEntityManagerFactoryBean : Closing JPA EntityManagerFactory for persistence unit 'default'
2024-01-19T12:28:47.139+05:30  INFO 54000 --- [reproduct-api] [SpringApplicationShutdownHook] com.zaxxer.hikari.HikariDataSource       : HikariPool-1 - Shutdown initiated...
2024-01-19T12:28:47.144+05:30  INFO 54000 --- [reproduct-api] [SpringApplicationShutdownHook] com.zaxxer.hikari.HikariDataSource       : HikariPool-1 - Shutdown completed.
2024-01-19T12:29:01.993+05:30  INFO 54034 --- [reproduct-api] [main] com.at.MainApiApplication                : Starting MainApiApplication using Java 18.0.2 with PID 54034 (/Users/akhilesh.trivedi/gitRND/spring-boot-vue3/backend/target/classes started by akhilesh.trivedi in /Users/akhilesh.trivedi/gitRND/spring-boot-vue3)
2024-01-19T12:29:01.995+05:30  INFO 54034 --- [reproduct-api] [main] com.at.MainApiApplication                : No active profile set, falling back to 1 default profile: "default"
2024-01-19T12:29:02.380+05:30  INFO 54034 --- [reproduct-api] [main] .s.d.r.c.RepositoryConfigurationDelegate : Bootstrapping Spring Data JPA repositories in DEFAULT mode.
2024-01-19T12:29:02.408+05:30  INFO 54034 --- [reproduct-api] [main] .s.d.r.c.RepositoryConfigurationDelegate : Finished Spring Data repository scanning in 24 ms. Found 1 JPA repository interface.
2024-01-19T12:29:02.675+05:30  INFO 54034 --- [reproduct-api] [main] o.s.b.w.embedded.tomcat.TomcatWebServer  : Tomcat initialized with port 8088 (http)
2024-01-19T12:29:02.684+05:30  INFO 54034 --- [reproduct-api] [main] o.apache.catalina.core.StandardService   : Starting service [Tomcat]
2024-01-19T12:29:02.684+05:30  INFO 54034 --- [reproduct-api] [main] o.apache.catalina.core.StandardEngine    : Starting Servlet engine: [Apache Tomcat/10.1.17]
2024-01-19T12:29:02.715+05:30  INFO 54034 --- [reproduct-api] [main] o.a.c.c.C.[Tomcat].[localhost].[/]       : Initializing Spring embedded WebApplicationContext
2024-01-19T12:29:02.715+05:30  INFO 54034 --- [reproduct-api] [main] w.s.c.ServletWebServerApplicationContext : Root WebApplicationContext: initialization completed in 686 ms
2024-01-19T12:29:02.759+05:30  INFO 54034 --- [reproduct-api] [main] com.zaxxer.hikari.HikariDataSource       : HikariPool-1 - Starting...
2024-01-19T12:29:02.922+05:30  INFO 54034 --- [reproduct-api] [main] com.zaxxer.hikari.pool.HikariPool        : HikariPool-1 - Added connection com.mysql.cj.jdbc.ConnectionImpl@636985df
2024-01-19T12:29:02.923+05:30  INFO 54034 --- [reproduct-api] [main] com.zaxxer.hikari.HikariDataSource       : HikariPool-1 - Start completed.
2024-01-19T12:29:02.963+05:30  INFO 54034 --- [reproduct-api] [main] o.f.c.internal.license.VersionPrinter    : Flyway Community Edition 9.22.3 by Redgate
2024-01-19T12:29:02.963+05:30  INFO 54034 --- [reproduct-api] [main] o.f.c.internal.license.VersionPrinter    : See release notes here: https://rd.gt/416ObMi
2024-01-19T12:29:02.963+05:30  INFO 54034 --- [reproduct-api] [main] o.f.c.internal.license.VersionPrinter    : 
2024-01-19T12:29:02.975+05:30  INFO 54034 --- [reproduct-api] [main] org.flywaydb.core.FlywayExecutor         : Database: jdbc:mysql://localhost:3306/mdti (MySQL 8.0)
2024-01-19T12:29:02.994+05:30  INFO 54034 --- [reproduct-api] [main] o.f.core.internal.command.DbValidate     : Successfully validated 0 migrations (execution time 00:00.008s)
2024-01-19T12:29:02.994+05:30  WARN 54034 --- [reproduct-api] [main] o.f.core.internal.command.DbValidate     : No migrations found. Are your locations set up correctly?
2024-01-19T12:29:03.004+05:30  INFO 54034 --- [reproduct-api] [main] o.f.core.internal.command.DbMigrate      : Current version of schema `mdti`: << Empty Schema >>
2024-01-19T12:29:03.004+05:30  WARN 54034 --- [reproduct-api] [main] o.f.core.internal.command.DbMigrate      : outOfOrder mode is active. Migration of schema `mdti` may not be reproducible.
2024-01-19T12:29:03.005+05:30  INFO 54034 --- [reproduct-api] [main] o.f.core.internal.command.DbMigrate      : Schema `mdti` is up to date. No migration necessary.
2024-01-19T12:29:03.044+05:30  INFO 54034 --- [reproduct-api] [main] o.hibernate.jpa.internal.util.LogHelper  : HHH000204: Processing PersistenceUnitInfo [name: default]
2024-01-19T12:29:03.066+05:30  INFO 54034 --- [reproduct-api] [main] org.hibernate.Version                    : HHH000412: Hibernate ORM core version 6.4.1.Final
2024-01-19T12:29:03.078+05:30  INFO 54034 --- [reproduct-api] [main] o.h.c.internal.RegionFactoryInitiator    : HHH000026: Second-level cache disabled
2024-01-19T12:29:03.171+05:30  INFO 54034 --- [reproduct-api] [main] o.s.o.j.p.SpringPersistenceUnitInfo      : No LoadTimeWeaver setup: ignoring JPA class transformer
2024-01-19T12:29:03.202+05:30  WARN 54034 --- [reproduct-api] [main] org.hibernate.orm.deprecation            : HHH90000025: MySQLDialect does not need to be specified explicitly using 'hibernate.dialect' (remove the property setting and it will be selected by default)
2024-01-19T12:29:03.563+05:30  INFO 54034 --- [reproduct-api] [main] o.h.e.t.j.p.i.JtaPlatformInitiator       : HHH000489: No JTA platform available (set 'hibernate.transaction.jta.platform' to enable JTA platform integration)
2024-01-19T12:29:03.585+05:30  INFO 54034 --- [reproduct-api] [main] j.LocalContainerEntityManagerFactoryBean : Initialized JPA EntityManagerFactory for persistence unit 'default'
2024-01-19T12:29:03.785+05:30  WARN 54034 --- [reproduct-api] [main] JpaBaseConfiguration$JpaWebConfiguration : spring.jpa.open-in-view is enabled by default. Therefore, database queries may be performed during view rendering. Explicitly configure spring.jpa.open-in-view to disable this warning
2024-01-19T12:29:03.943+05:30  INFO 54034 --- [reproduct-api] [main] o.s.s.web.DefaultSecurityFilterChain     : Will secure any request with [org.springframework.security.web.session.DisableEncodeUrlFilter@1509bd56, org.springframework.security.web.context.request.async.WebAsyncManagerIntegrationFilter@2c4eda3a, org.springframework.security.web.context.SecurityContextHolderFilter@55b7f9f1, org.springframework.security.web.header.HeaderWriterFilter@4791d904, org.springframework.web.filter.CorsFilter@466bf366, org.springframework.security.web.authentication.logout.LogoutFilter@4fd70118, com.at.filter.JwtAuthenticationFilter@129348e8, org.springframework.security.web.savedrequest.RequestCacheAwareFilter@380cd266, org.springframework.security.web.servletapi.SecurityContextHolderAwareRequestFilter@4b477121, org.springframework.security.web.authentication.AnonymousAuthenticationFilter@28be7db5, org.springframework.security.web.session.SessionManagementFilter@292b7a02, org.springframework.security.web.access.ExceptionTranslationFilter@5a8149f6, org.springframework.security.web.access.intercept.AuthorizationFilter@3c20abd6]
2024-01-19T12:29:04.255+05:30  INFO 54034 --- [reproduct-api] [main] o.s.b.w.embedded.tomcat.TomcatWebServer  : Tomcat started on port 8088 (http) with context path ''
2024-01-19T12:29:04.261+05:30  INFO 54034 --- [reproduct-api] [main] com.at.MainApiApplication                : Started MainApiApplication in 2.464 seconds (process running for 2.642)
2024-01-19T12:29:23.090+05:30  INFO 54034 --- [reproduct-api] [SpringApplicationShutdownHook] j.LocalContainerEntityManagerFactoryBean : Closing JPA EntityManagerFactory for persistence unit 'default'
2024-01-19T12:29:23.092+05:30  INFO 54034 --- [reproduct-api] [SpringApplicationShutdownHook] com.zaxxer.hikari.HikariDataSource       : HikariPool-1 - Shutdown initiated...
2024-01-19T12:29:23.097+05:30  INFO 54034 --- [reproduct-api] [SpringApplicationShutdownHook] com.zaxxer.hikari.HikariDataSource       : HikariPool-1 - Shutdown completed.
2024-01-19T12:30:59.684+05:30  INFO 54070 --- [reproduct-api] [main] com.at.MainApiApplication                : Starting MainApiApplication using Java 18.0.2 with PID 54070 (/Users/akhilesh.trivedi/gitRND/spring-boot-vue3/backend/target/classes started by akhilesh.trivedi in /Users/akhilesh.trivedi/gitRND/spring-boot-vue3)
2024-01-19T12:30:59.685+05:30  INFO 54070 --- [reproduct-api] [main] com.at.MainApiApplication                : No active profile set, falling back to 1 default profile: "default"
2024-01-19T12:31:00.096+05:30  INFO 54070 --- [reproduct-api] [main] .s.d.r.c.RepositoryConfigurationDelegate : Bootstrapping Spring Data JPA repositories in DEFAULT mode.
2024-01-19T12:31:00.125+05:30  INFO 54070 --- [reproduct-api] [main] .s.d.r.c.RepositoryConfigurationDelegate : Finished Spring Data repository scanning in 24 ms. Found 1 JPA repository interface.
2024-01-19T12:31:00.385+05:30  INFO 54070 --- [reproduct-api] [main] o.s.b.w.embedded.tomcat.TomcatWebServer  : Tomcat initialized with port 8088 (http)
2024-01-19T12:31:00.392+05:30  INFO 54070 --- [reproduct-api] [main] o.apache.catalina.core.StandardService   : Starting service [Tomcat]
2024-01-19T12:31:00.392+05:30  INFO 54070 --- [reproduct-api] [main] o.apache.catalina.core.StandardEngine    : Starting Servlet engine: [Apache Tomcat/10.1.17]
2024-01-19T12:31:00.421+05:30  INFO 54070 --- [reproduct-api] [main] o.a.c.c.C.[Tomcat].[localhost].[/]       : Initializing Spring embedded WebApplicationContext
2024-01-19T12:31:00.421+05:30  INFO 54070 --- [reproduct-api] [main] w.s.c.ServletWebServerApplicationContext : Root WebApplicationContext: initialization completed in 697 ms
2024-01-19T12:31:00.465+05:30  INFO 54070 --- [reproduct-api] [main] com.zaxxer.hikari.HikariDataSource       : HikariPool-1 - Starting...
2024-01-19T12:31:00.626+05:30  INFO 54070 --- [reproduct-api] [main] com.zaxxer.hikari.pool.HikariPool        : HikariPool-1 - Added connection com.mysql.cj.jdbc.ConnectionImpl@74f280bd
2024-01-19T12:31:00.627+05:30  INFO 54070 --- [reproduct-api] [main] com.zaxxer.hikari.HikariDataSource       : HikariPool-1 - Start completed.
2024-01-19T12:31:00.669+05:30  INFO 54070 --- [reproduct-api] [main] o.f.c.internal.license.VersionPrinter    : Flyway Community Edition 9.22.3 by Redgate
2024-01-19T12:31:00.670+05:30  INFO 54070 --- [reproduct-api] [main] o.f.c.internal.license.VersionPrinter    : See release notes here: https://rd.gt/416ObMi
2024-01-19T12:31:00.670+05:30  INFO 54070 --- [reproduct-api] [main] o.f.c.internal.license.VersionPrinter    : 
2024-01-19T12:31:00.680+05:30  INFO 54070 --- [reproduct-api] [main] org.flywaydb.core.FlywayExecutor         : Database: jdbc:mysql://localhost:3306/mdti (MySQL 8.0)
2024-01-19T12:31:00.696+05:30  INFO 54070 --- [reproduct-api] [main] o.f.c.i.s.JdbcTableSchemaHistory         : Schema history table `mdti`.`flyway_schema_history` does not exist yet
2024-01-19T12:31:00.697+05:30  INFO 54070 --- [reproduct-api] [main] o.f.core.internal.command.DbValidate     : Successfully validated 0 migrations (execution time 00:00.006s)
2024-01-19T12:31:00.697+05:30  WARN 54070 --- [reproduct-api] [main] o.f.core.internal.command.DbValidate     : No migrations found. Are your locations set up correctly?
2024-01-19T12:31:00.719+05:30  INFO 54070 --- [reproduct-api] [main] o.f.c.i.s.JdbcTableSchemaHistory         : Creating Schema History table `mdti`.`flyway_schema_history` ...
2024-01-19T12:31:00.757+05:30  INFO 54070 --- [reproduct-api] [main] o.f.core.internal.command.DbMigrate      : Current version of schema `mdti`: << Empty Schema >>
2024-01-19T12:31:00.757+05:30  WARN 54070 --- [reproduct-api] [main] o.f.core.internal.command.DbMigrate      : outOfOrder mode is active. Migration of schema `mdti` may not be reproducible.
2024-01-19T12:31:00.758+05:30  INFO 54070 --- [reproduct-api] [main] o.f.core.internal.command.DbMigrate      : Schema `mdti` is up to date. No migration necessary.
2024-01-19T12:31:00.797+05:30  INFO 54070 --- [reproduct-api] [main] o.hibernate.jpa.internal.util.LogHelper  : HHH000204: Processing PersistenceUnitInfo [name: default]
2024-01-19T12:31:00.822+05:30  INFO 54070 --- [reproduct-api] [main] org.hibernate.Version                    : HHH000412: Hibernate ORM core version 6.4.1.Final
2024-01-19T12:31:00.839+05:30  INFO 54070 --- [reproduct-api] [main] o.h.c.internal.RegionFactoryInitiator    : HHH000026: Second-level cache disabled
2024-01-19T12:31:00.951+05:30  INFO 54070 --- [reproduct-api] [main] o.s.o.j.p.SpringPersistenceUnitInfo      : No LoadTimeWeaver setup: ignoring JPA class transformer
2024-01-19T12:31:00.982+05:30  WARN 54070 --- [reproduct-api] [main] org.hibernate.orm.deprecation            : HHH90000025: MySQLDialect does not need to be specified explicitly using 'hibernate.dialect' (remove the property setting and it will be selected by default)
2024-01-19T12:31:01.355+05:30  INFO 54070 --- [reproduct-api] [main] o.h.e.t.j.p.i.JtaPlatformInitiator       : HHH000489: No JTA platform available (set 'hibernate.transaction.jta.platform' to enable JTA platform integration)
2024-01-19T12:31:01.411+05:30  INFO 54070 --- [reproduct-api] [main] j.LocalContainerEntityManagerFactoryBean : Initialized JPA EntityManagerFactory for persistence unit 'default'
2024-01-19T12:31:01.633+05:30  WARN 54070 --- [reproduct-api] [main] JpaBaseConfiguration$JpaWebConfiguration : spring.jpa.open-in-view is enabled by default. Therefore, database queries may be performed during view rendering. Explicitly configure spring.jpa.open-in-view to disable this warning
2024-01-19T12:31:01.787+05:30  INFO 54070 --- [reproduct-api] [main] o.s.s.web.DefaultSecurityFilterChain     : Will secure any request with [org.springframework.security.web.session.DisableEncodeUrlFilter@261c5d1f, org.springframework.security.web.context.request.async.WebAsyncManagerIntegrationFilter@570089c4, org.springframework.security.web.context.SecurityContextHolderFilter@11f752d1, org.springframework.security.web.header.HeaderWriterFilter@38276668, org.springframework.web.filter.CorsFilter@409df37d, org.springframework.security.web.authentication.logout.LogoutFilter@3b4b2c03, com.at.filter.JwtAuthenticationFilter@563bd6a4, org.springframework.security.web.savedrequest.RequestCacheAwareFilter@462deb2b, org.springframework.security.web.servletapi.SecurityContextHolderAwareRequestFilter@381c826c, org.springframework.security.web.authentication.AnonymousAuthenticationFilter@2ab1c7a9, org.springframework.security.web.session.SessionManagementFilter@57330423, org.springframework.security.web.access.ExceptionTranslationFilter@22c14d10, org.springframework.security.web.access.intercept.AuthorizationFilter@75c095a5]
2024-01-19T12:31:01.908+05:30  INFO 54070 --- [reproduct-api] [main] o.s.b.w.embedded.tomcat.TomcatWebServer  : Tomcat started on port 8088 (http) with context path ''
2024-01-19T12:31:01.915+05:30  INFO 54070 --- [reproduct-api] [main] com.at.MainApiApplication                : Started MainApiApplication in 2.428 seconds (process running for 2.638)
2024-01-19T12:33:05.743+05:30  INFO 54070 --- [reproduct-api] [http-nio-8088-exec-1] o.a.c.c.C.[Tomcat].[localhost].[/]       : Initializing Spring DispatcherServlet 'dispatcherServlet'
2024-01-19T12:33:05.744+05:30  INFO 54070 --- [reproduct-api] [http-nio-8088-exec-1] o.s.web.servlet.DispatcherServlet        : Initializing Servlet 'dispatcherServlet'
2024-01-19T12:33:05.748+05:30  INFO 54070 --- [reproduct-api] [http-nio-8088-exec-1] o.s.web.servlet.DispatcherServlet        : Completed initialization in 4 ms
2024-01-19T12:33:06.054+05:30  INFO 54070 --- [reproduct-api] [http-nio-8088-exec-9] o.springdoc.api.AbstractOpenApiResource  : Init duration for springdoc-openapi is: 123 ms
2024-01-19T12:34:08.266+05:30  INFO 54070 --- [reproduct-api] [http-nio-8088-exec-6] com.at.filter.LoggingFilter              : REPRODUCT REQUEST: METHOD=POST; URI=/api/v1/auth/signin; REQUEST PAYLOAD={
  "email": "admin@at.com",
  "password": "password"
}; RESPONSE CODE=200; RESPONSE={"token":"eyJhbGciOiJIUzI1NiJ9.eyJzdWIiOiJhZG1pbkBhdC5jb20iLCJpYXQiOjE3MDU2NDc4NDgsImV4cCI6MTcwNTY1MTQ0OH0.-4NC6ntegvbaPq4FHs0l6AUi_9BtK61V-fhd-fjcoWI"}; TIME TAKEN=299
2024-01-19T12:35:04.879+05:30  INFO 54070 --- [reproduct-api] [http-nio-8088-exec-7] com.at.filter.LoggingFilter              : REPRODUCT REQUEST: METHOD=POST; URI=/api/v1/auth/signup; REQUEST PAYLOAD={
  "name": "akhilesh",
  "email": "a@b.com",
  "password": "password"
}; RESPONSE CODE=201; RESPONSE={"token":"eyJhbGciOiJIUzI1NiJ9.eyJzdWIiOiJhQGIuY29tIiwiaWF0IjoxNzA1NjQ3OTA0LCJleHAiOjE3MDU2NTE1MDR9.spcmbjM0ckC7SoEkVjakbSccJKnkTC6Q9ENQ_EA9jY0"}; TIME TAKEN=136
2024-01-19T12:57:13.973+05:30  INFO 54070 --- [reproduct-api] [http-nio-8088-exec-2] com.at.filter.LoggingFilter              : REPRODUCT REQUEST: METHOD=POST; URI=/api/v1/auth/signin; REQUEST PAYLOAD={"email":"a@b.com","password":"password"}; RESPONSE CODE=200; RESPONSE={"token":"eyJhbGciOiJIUzI1NiJ9.eyJzdWIiOiJhQGIuY29tIiwiaWF0IjoxNzA1NjQ5MjMzLCJleHAiOjE3MDU2NTI4MzN9.hEMW-CdK7KM95j7mh66y3TD1wyPXX9z7Fboa1YKsqwo"}; TIME TAKEN=111
2024-01-19T13:32:43.157+05:30  WARN 54070 --- [reproduct-api] [HikariPool-1 housekeeper] com.zaxxer.hikari.pool.HikariPool        : HikariPool-1 - Thread starvation or clock leap detected (housekeeper delta=33m12s185ms).
2024-01-19T13:39:48.194+05:30  INFO 54070 --- [reproduct-api] [http-nio-8088-exec-3] com.at.filter.LoggingFilter              : REPRODUCT REQUEST: METHOD=POST; URI=/api/v1/auth/signin; REQUEST PAYLOAD={"email":"a@b.com","password":"password"}; RESPONSE CODE=200; RESPONSE={"token":"eyJhbGciOiJIUzI1NiJ9.eyJzdWIiOiJhQGIuY29tIiwiaWF0IjoxNzA1NjUxNzg4LCJleHAiOjE3MDU2NTUzODh9.ZUMuq97wmB1pyoQ_Uj0Rp-cy6fLd7dIQK2sTL4gYNMo"}; TIME TAKEN=136
2024-01-19T14:31:28.186+05:30  INFO 54070 --- [reproduct-api] [http-nio-8088-exec-4] com.at.filter.LoggingFilter              : REPRODUCT REQUEST: METHOD=POST; URI=/api/v1/auth/signin; REQUEST PAYLOAD={"email":"a@b.com","password":"password"}; RESPONSE CODE=200; RESPONSE={"token":"eyJhbGciOiJIUzI1NiJ9.eyJzdWIiOiJhQGIuY29tIiwiaWF0IjoxNzA1NjU0ODg4LCJleHAiOjE3MDU2NTg0ODh9.enNLPTEJbgBxvcoti6SyJUxSRQWs-tinOeypMnrw1XU"}; TIME TAKEN=117
2024-01-19T14:32:04.037+05:30  INFO 54070 --- [reproduct-api] [http-nio-8088-exec-7] com.at.filter.LoggingFilter              : REPRODUCT REQUEST: METHOD=POST; URI=/api/v1/auth/signup; REQUEST PAYLOAD={"name":"vikas","email":"v@b.com","password":"password","password_confirmation":"password"}; RESPONSE CODE=201; RESPONSE={"token":"eyJhbGciOiJIUzI1NiJ9.eyJzdWIiOiJ2QGIuY29tIiwiaWF0IjoxNzA1NjU0OTI0LCJleHAiOjE3MDU2NTg1MjR9.trcHvT57Z6WUH4423Orhk9RGnuTFMqPjtkmU-5jsyZU"}; TIME TAKEN=136
2024-01-19T14:37:57.971+05:30  INFO 54070 --- [reproduct-api] [http-nio-8088-exec-5] com.at.filter.LoggingFilter              : REPRODUCT REQUEST: METHOD=POST; URI=/api/v1/auth/signup; REQUEST PAYLOAD={"name":"kavish","email":"k@b.com","password":"password","password_confirmation":"password"}; RESPONSE CODE=201; RESPONSE={"token":"eyJhbGciOiJIUzI1NiJ9.eyJzdWIiOiJrQGIuY29tIiwiaWF0IjoxNzA1NjU1Mjc3LCJleHAiOjE3MDU2NTg4Nzd9.VMpLmZVvQvpvhsG0QIMsOQ-mJIRarAVYD-aF3z3Md0A"}; TIME TAKEN=118
2024-01-19T14:39:05.272+05:30  INFO 54070 --- [reproduct-api] [SpringApplicationShutdownHook] j.LocalContainerEntityManagerFactoryBean : Closing JPA EntityManagerFactory for persistence unit 'default'
2024-01-19T14:39:05.277+05:30  INFO 54070 --- [reproduct-api] [SpringApplicationShutdownHook] com.zaxxer.hikari.HikariDataSource       : HikariPool-1 - Shutdown initiated...
2024-01-19T14:39:05.282+05:30  INFO 54070 --- [reproduct-api] [SpringApplicationShutdownHook] com.zaxxer.hikari.HikariDataSource       : HikariPool-1 - Shutdown completed.
